<?xml version="1.0" encoding="UTF-8"?>
<testsuite xmlns:xsi="http://www.w3.org/2001/XMLSchema-instance" xsi:noNamespaceSchemaLocation="https://maven.apache.org/surefire/maven-surefire-plugin/xsd/surefire-test-report-3.0.xsd" version="3.0" name="TestSuite" time="259.574" tests="65" errors="0" skipped="0" failures="0">
  <properties>
    <property name="java.specification.version" value="18"/>
    <property name="sun.jnu.encoding" value="UTF-8"/>
    <property name="java.class.path" value="/Users/apple/Desktop/code/second2project/javaCoreProject/JsonHolder/target/test-classes:/Users/apple/Desktop/code/second2project/javaCoreProject/JsonHolder/target/classes:/Users/apple/.m2/repository/io/rest-assured/rest-assured/5.3.1/rest-assured-5.3.1.jar:/Users/apple/.m2/repository/org/apache/groovy/groovy/4.0.11/groovy-4.0.11.jar:/Users/apple/.m2/repository/org/apache/groovy/groovy-xml/4.0.11/groovy-xml-4.0.11.jar:/Users/apple/.m2/repository/org/apache/httpcomponents/httpclient/4.5.13/httpclient-4.5.13.jar:/Users/apple/.m2/repository/org/apache/httpcomponents/httpcore/4.4.13/httpcore-4.4.13.jar:/Users/apple/.m2/repository/commons-logging/commons-logging/1.2/commons-logging-1.2.jar:/Users/apple/.m2/repository/commons-codec/commons-codec/1.11/commons-codec-1.11.jar:/Users/apple/.m2/repository/org/apache/httpcomponents/httpmime/4.5.13/httpmime-4.5.13.jar:/Users/apple/.m2/repository/org/ccil/cowan/tagsoup/tagsoup/1.2.1/tagsoup-1.2.1.jar:/Users/apple/.m2/repository/io/rest-assured/json-path/5.3.1/json-path-5.3.1.jar:/Users/apple/.m2/repository/org/apache/groovy/groovy-json/4.0.11/groovy-json-4.0.11.jar:/Users/apple/.m2/repository/io/rest-assured/rest-assured-common/5.3.1/rest-assured-common-5.3.1.jar:/Users/apple/.m2/repository/io/rest-assured/xml-path/5.3.1/xml-path-5.3.1.jar:/Users/apple/.m2/repository/org/testng/testng/7.0.0/testng-7.0.0.jar:/Users/apple/.m2/repository/com/beust/jcommander/1.72/jcommander-1.72.jar:/Users/apple/.m2/repository/org/hamcrest/hamcrest/2.2/hamcrest-2.2.jar:/Users/apple/.m2/repository/org/json/json/20230227/json-20230227.jar:/Users/apple/.m2/repository/com/github/javafaker/javafaker/1.0.2/javafaker-1.0.2.jar:/Users/apple/.m2/repository/org/apache/commons/commons-lang3/3.5/commons-lang3-3.5.jar:/Users/apple/.m2/repository/org/yaml/snakeyaml/1.23/snakeyaml-1.23-android.jar:/Users/apple/.m2/repository/com/github/mifmif/generex/1.0.2/generex-1.0.2.jar:/Users/apple/.m2/repository/dk/brics/automaton/automaton/1.11-8/automaton-1.11-8.jar:/Users/apple/.m2/repository/org/projectlombok/lombok/1.18.28/lombok-1.18.28.jar:/Users/apple/.m2/repository/org/apache/maven/plugins/maven-surefire-plugin/3.1.2/maven-surefire-plugin-3.1.2.jar:/Users/apple/.m2/repository/org/apache/maven/surefire/maven-surefire-common/3.1.2/maven-surefire-common-3.1.2.jar:/Users/apple/.m2/repository/org/apache/maven/surefire/surefire-api/3.1.2/surefire-api-3.1.2.jar:/Users/apple/.m2/repository/org/apache/maven/surefire/surefire-logger-api/3.1.2/surefire-logger-api-3.1.2.jar:/Users/apple/.m2/repository/org/apache/maven/surefire/surefire-extensions-api/3.1.2/surefire-extensions-api-3.1.2.jar:/Users/apple/.m2/repository/org/apache/maven/surefire/surefire-booter/3.1.2/surefire-booter-3.1.2.jar:/Users/apple/.m2/repository/org/apache/maven/surefire/surefire-extensions-spi/3.1.2/surefire-extensions-spi-3.1.2.jar:/Users/apple/.m2/repository/org/eclipse/aether/aether-util/1.0.0.v20140518/aether-util-1.0.0.v20140518.jar:/Users/apple/.m2/repository/org/eclipse/aether/aether-api/1.0.0.v20140518/aether-api-1.0.0.v20140518.jar:/Users/apple/.m2/repository/org/apache/maven/shared/maven-common-artifact-filters/3.1.1/maven-common-artifact-filters-3.1.1.jar:/Users/apple/.m2/repository/org/apache/maven/maven-artifact/3.1.0/maven-artifact-3.1.0.jar:/Users/apple/.m2/repository/org/codehaus/plexus/plexus-utils/3.0.10/plexus-utils-3.0.10.jar:/Users/apple/.m2/repository/org/apache/maven/maven-core/3.1.0/maven-core-3.1.0.jar:/Users/apple/.m2/repository/org/apache/maven/maven-settings/3.1.0/maven-settings-3.1.0.jar:/Users/apple/.m2/repository/org/apache/maven/maven-settings-builder/3.1.0/maven-settings-builder-3.1.0.jar:/Users/apple/.m2/repository/org/apache/maven/maven-repository-metadata/3.1.0/maven-repository-metadata-3.1.0.jar:/Users/apple/.m2/repository/org/apache/maven/maven-model-builder/3.1.0/maven-model-builder-3.1.0.jar:/Users/apple/.m2/repository/org/apache/maven/maven-aether-provider/3.1.0/maven-aether-provider-3.1.0.jar:/Users/apple/.m2/repository/org/eclipse/aether/aether-spi/0.9.0.M2/aether-spi-0.9.0.M2.jar:/Users/apple/.m2/repository/org/eclipse/aether/aether-impl/0.9.0.M2/aether-impl-0.9.0.M2.jar:/Users/apple/.m2/repository/org/eclipse/sisu/org.eclipse.sisu.plexus/0.0.0.M2a/org.eclipse.sisu.plexus-0.0.0.M2a.jar:/Users/apple/.m2/repository/javax/enterprise/cdi-api/1.0/cdi-api-1.0.jar:/Users/apple/.m2/repository/javax/annotation/jsr250-api/1.0/jsr250-api-1.0.jar:/Users/apple/.m2/repository/javax/inject/javax.inject/1/javax.inject-1.jar:/Users/apple/.m2/repository/com/google/guava/guava/10.0.1/guava-10.0.1.jar:/Users/apple/.m2/repository/com/google/code/findbugs/jsr305/1.3.9/jsr305-1.3.9.jar:/Users/apple/.m2/repository/org/sonatype/sisu/sisu-guice/3.1.0/sisu-guice-3.1.0-no_aop.jar:/Users/apple/.m2/repository/aopalliance/aopalliance/1.0/aopalliance-1.0.jar:/Users/apple/.m2/repository/org/eclipse/sisu/org.eclipse.sisu.inject/0.0.0.M2a/org.eclipse.sisu.inject-0.0.0.M2a.jar:/Users/apple/.m2/repository/asm/asm/3.3.1/asm-3.3.1.jar:/Users/apple/.m2/repository/org/codehaus/plexus/plexus-interpolation/1.16/plexus-interpolation-1.16.jar:/Users/apple/.m2/repository/org/codehaus/plexus/plexus-classworlds/2.4.2/plexus-classworlds-2.4.2.jar:/Users/apple/.m2/repository/org/codehaus/plexus/plexus-component-annotations/1.5.5/plexus-component-annotations-1.5.5.jar:/Users/apple/.m2/repository/org/sonatype/plexus/plexus-sec-dispatcher/1.3/plexus-sec-dispatcher-1.3.jar:/Users/apple/.m2/repository/org/sonatype/plexus/plexus-cipher/1.4/plexus-cipher-1.4.jar:/Users/apple/.m2/repository/org/apache/maven/maven-plugin-api/3.1.0/maven-plugin-api-3.1.0.jar:/Users/apple/.m2/repository/commons-io/commons-io/2.6/commons-io-2.6.jar:/Users/apple/.m2/repository/org/codehaus/plexus/plexus-java/1.1.2/plexus-java-1.1.2.jar:/Users/apple/.m2/repository/org/ow2/asm/asm/9.4/asm-9.4.jar:/Users/apple/.m2/repository/com/thoughtworks/qdox/qdox/2.0.3/qdox-2.0.3.jar:/Users/apple/.m2/repository/org/apache/maven/surefire/surefire-shared-utils/3.1.2/surefire-shared-utils-3.1.2.jar:/Users/apple/.m2/repository/com/google/code/gson/gson/2.10.1/gson-2.10.1.jar:/Users/apple/.m2/repository/com/fasterxml/jackson/core/jackson-databind/2.15.2/jackson-databind-2.15.2.jar:/Users/apple/.m2/repository/com/fasterxml/jackson/core/jackson-annotations/2.15.2/jackson-annotations-2.15.2.jar:/Users/apple/.m2/repository/com/fasterxml/jackson/core/jackson-core/2.15.2/jackson-core-2.15.2.jar:"/>
    <property name="java.vm.vendor" value="Homebrew"/>
    <property name="sun.arch.data.model" value="64"/>
    <property name="java.vendor.url" value="https://github.com/Homebrew/homebrew-core/issues"/>
    <property name="user.timezone" value="Asia/Kolkata"/>
    <property name="os.name" value="Mac OS X"/>
    <property name="java.vm.specification.version" value="18"/>
    <property name="sun.java.launcher" value="SUN_STANDARD"/>
    <property name="user.country" value="GB"/>
    <property name="sun.boot.library.path" value="/usr/local/Cellar/openjdk/18.0.1.1/libexec/openjdk.jdk/Contents/Home/lib"/>
    <property name="sun.java.command" value="/Users/apple/Desktop/code/second2project/javaCoreProject/JsonHolder/target/surefire/surefirebooter-20230626222845090_3.jar /Users/apple/Desktop/code/second2project/javaCoreProject/JsonHolder/target/surefire 2023-06-26T22-28-44_875-jvmRun1 surefire-20230626222845090_1tmp surefire_0-20230626222845090_2tmp"/>
    <property name="http.nonProxyHosts" value="local|*.local|169.254/16|*.169.254/16"/>
    <property name="jdk.debug" value="release"/>
    <property name="surefire.test.class.path" value="/Users/apple/Desktop/code/second2project/javaCoreProject/JsonHolder/target/test-classes:/Users/apple/Desktop/code/second2project/javaCoreProject/JsonHolder/target/classes:/Users/apple/.m2/repository/io/rest-assured/rest-assured/5.3.1/rest-assured-5.3.1.jar:/Users/apple/.m2/repository/org/apache/groovy/groovy/4.0.11/groovy-4.0.11.jar:/Users/apple/.m2/repository/org/apache/groovy/groovy-xml/4.0.11/groovy-xml-4.0.11.jar:/Users/apple/.m2/repository/org/apache/httpcomponents/httpclient/4.5.13/httpclient-4.5.13.jar:/Users/apple/.m2/repository/org/apache/httpcomponents/httpcore/4.4.13/httpcore-4.4.13.jar:/Users/apple/.m2/repository/commons-logging/commons-logging/1.2/commons-logging-1.2.jar:/Users/apple/.m2/repository/commons-codec/commons-codec/1.11/commons-codec-1.11.jar:/Users/apple/.m2/repository/org/apache/httpcomponents/httpmime/4.5.13/httpmime-4.5.13.jar:/Users/apple/.m2/repository/org/ccil/cowan/tagsoup/tagsoup/1.2.1/tagsoup-1.2.1.jar:/Users/apple/.m2/repository/io/rest-assured/json-path/5.3.1/json-path-5.3.1.jar:/Users/apple/.m2/repository/org/apache/groovy/groovy-json/4.0.11/groovy-json-4.0.11.jar:/Users/apple/.m2/repository/io/rest-assured/rest-assured-common/5.3.1/rest-assured-common-5.3.1.jar:/Users/apple/.m2/repository/io/rest-assured/xml-path/5.3.1/xml-path-5.3.1.jar:/Users/apple/.m2/repository/org/testng/testng/7.0.0/testng-7.0.0.jar:/Users/apple/.m2/repository/com/beust/jcommander/1.72/jcommander-1.72.jar:/Users/apple/.m2/repository/org/hamcrest/hamcrest/2.2/hamcrest-2.2.jar:/Users/apple/.m2/repository/org/json/json/20230227/json-20230227.jar:/Users/apple/.m2/repository/com/github/javafaker/javafaker/1.0.2/javafaker-1.0.2.jar:/Users/apple/.m2/repository/org/apache/commons/commons-lang3/3.5/commons-lang3-3.5.jar:/Users/apple/.m2/repository/org/yaml/snakeyaml/1.23/snakeyaml-1.23-android.jar:/Users/apple/.m2/repository/com/github/mifmif/generex/1.0.2/generex-1.0.2.jar:/Users/apple/.m2/repository/dk/brics/automaton/automaton/1.11-8/automaton-1.11-8.jar:/Users/apple/.m2/repository/org/projectlombok/lombok/1.18.28/lombok-1.18.28.jar:/Users/apple/.m2/repository/org/apache/maven/plugins/maven-surefire-plugin/3.1.2/maven-surefire-plugin-3.1.2.jar:/Users/apple/.m2/repository/org/apache/maven/surefire/maven-surefire-common/3.1.2/maven-surefire-common-3.1.2.jar:/Users/apple/.m2/repository/org/apache/maven/surefire/surefire-api/3.1.2/surefire-api-3.1.2.jar:/Users/apple/.m2/repository/org/apache/maven/surefire/surefire-logger-api/3.1.2/surefire-logger-api-3.1.2.jar:/Users/apple/.m2/repository/org/apache/maven/surefire/surefire-extensions-api/3.1.2/surefire-extensions-api-3.1.2.jar:/Users/apple/.m2/repository/org/apache/maven/surefire/surefire-booter/3.1.2/surefire-booter-3.1.2.jar:/Users/apple/.m2/repository/org/apache/maven/surefire/surefire-extensions-spi/3.1.2/surefire-extensions-spi-3.1.2.jar:/Users/apple/.m2/repository/org/eclipse/aether/aether-util/1.0.0.v20140518/aether-util-1.0.0.v20140518.jar:/Users/apple/.m2/repository/org/eclipse/aether/aether-api/1.0.0.v20140518/aether-api-1.0.0.v20140518.jar:/Users/apple/.m2/repository/org/apache/maven/shared/maven-common-artifact-filters/3.1.1/maven-common-artifact-filters-3.1.1.jar:/Users/apple/.m2/repository/org/apache/maven/maven-artifact/3.1.0/maven-artifact-3.1.0.jar:/Users/apple/.m2/repository/org/codehaus/plexus/plexus-utils/3.0.10/plexus-utils-3.0.10.jar:/Users/apple/.m2/repository/org/apache/maven/maven-core/3.1.0/maven-core-3.1.0.jar:/Users/apple/.m2/repository/org/apache/maven/maven-settings/3.1.0/maven-settings-3.1.0.jar:/Users/apple/.m2/repository/org/apache/maven/maven-settings-builder/3.1.0/maven-settings-builder-3.1.0.jar:/Users/apple/.m2/repository/org/apache/maven/maven-repository-metadata/3.1.0/maven-repository-metadata-3.1.0.jar:/Users/apple/.m2/repository/org/apache/maven/maven-model-builder/3.1.0/maven-model-builder-3.1.0.jar:/Users/apple/.m2/repository/org/apache/maven/maven-aether-provider/3.1.0/maven-aether-provider-3.1.0.jar:/Users/apple/.m2/repository/org/eclipse/aether/aether-spi/0.9.0.M2/aether-spi-0.9.0.M2.jar:/Users/apple/.m2/repository/org/eclipse/aether/aether-impl/0.9.0.M2/aether-impl-0.9.0.M2.jar:/Users/apple/.m2/repository/org/eclipse/sisu/org.eclipse.sisu.plexus/0.0.0.M2a/org.eclipse.sisu.plexus-0.0.0.M2a.jar:/Users/apple/.m2/repository/javax/enterprise/cdi-api/1.0/cdi-api-1.0.jar:/Users/apple/.m2/repository/javax/annotation/jsr250-api/1.0/jsr250-api-1.0.jar:/Users/apple/.m2/repository/javax/inject/javax.inject/1/javax.inject-1.jar:/Users/apple/.m2/repository/com/google/guava/guava/10.0.1/guava-10.0.1.jar:/Users/apple/.m2/repository/com/google/code/findbugs/jsr305/1.3.9/jsr305-1.3.9.jar:/Users/apple/.m2/repository/org/sonatype/sisu/sisu-guice/3.1.0/sisu-guice-3.1.0-no_aop.jar:/Users/apple/.m2/repository/aopalliance/aopalliance/1.0/aopalliance-1.0.jar:/Users/apple/.m2/repository/org/eclipse/sisu/org.eclipse.sisu.inject/0.0.0.M2a/org.eclipse.sisu.inject-0.0.0.M2a.jar:/Users/apple/.m2/repository/asm/asm/3.3.1/asm-3.3.1.jar:/Users/apple/.m2/repository/org/codehaus/plexus/plexus-interpolation/1.16/plexus-interpolation-1.16.jar:/Users/apple/.m2/repository/org/codehaus/plexus/plexus-classworlds/2.4.2/plexus-classworlds-2.4.2.jar:/Users/apple/.m2/repository/org/codehaus/plexus/plexus-component-annotations/1.5.5/plexus-component-annotations-1.5.5.jar:/Users/apple/.m2/repository/org/sonatype/plexus/plexus-sec-dispatcher/1.3/plexus-sec-dispatcher-1.3.jar:/Users/apple/.m2/repository/org/sonatype/plexus/plexus-cipher/1.4/plexus-cipher-1.4.jar:/Users/apple/.m2/repository/org/apache/maven/maven-plugin-api/3.1.0/maven-plugin-api-3.1.0.jar:/Users/apple/.m2/repository/commons-io/commons-io/2.6/commons-io-2.6.jar:/Users/apple/.m2/repository/org/codehaus/plexus/plexus-java/1.1.2/plexus-java-1.1.2.jar:/Users/apple/.m2/repository/org/ow2/asm/asm/9.4/asm-9.4.jar:/Users/apple/.m2/repository/com/thoughtworks/qdox/qdox/2.0.3/qdox-2.0.3.jar:/Users/apple/.m2/repository/org/apache/maven/surefire/surefire-shared-utils/3.1.2/surefire-shared-utils-3.1.2.jar:/Users/apple/.m2/repository/com/google/code/gson/gson/2.10.1/gson-2.10.1.jar:/Users/apple/.m2/repository/com/fasterxml/jackson/core/jackson-databind/2.15.2/jackson-databind-2.15.2.jar:/Users/apple/.m2/repository/com/fasterxml/jackson/core/jackson-annotations/2.15.2/jackson-annotations-2.15.2.jar:/Users/apple/.m2/repository/com/fasterxml/jackson/core/jackson-core/2.15.2/jackson-core-2.15.2.jar:"/>
    <property name="sun.cpu.endian" value="little"/>
    <property name="user.home" value="/Users/apple"/>
    <property name="user.language" value="en"/>
    <property name="java.specification.vendor" value="Oracle Corporation"/>
    <property name="java.version.date" value="2022-04-22"/>
    <property name="java.home" value="/usr/local/Cellar/openjdk/18.0.1.1/libexec/openjdk.jdk/Contents/Home"/>
    <property name="file.separator" value="/"/>
    <property name="basedir" value="/Users/apple/Desktop/code/second2project/javaCoreProject/JsonHolder"/>
    <property name="java.vm.compressedOopsMode" value="Zero based"/>
    <property name="line.separator" value="&#10;"/>
    <property name="java.vm.specification.vendor" value="Oracle Corporation"/>
    <property name="java.specification.name" value="Java Platform API Specification"/>
    <property name="apple.awt.application.name" value="ForkedBooter"/>
    <property name="surefire.real.class.path" value="/Users/apple/Desktop/code/second2project/javaCoreProject/JsonHolder/target/surefire/surefirebooter-20230626222845090_3.jar"/>
    <property name="sun.management.compiler" value="HotSpot 64-Bit Tiered Compilers"/>
    <property name="ftp.nonProxyHosts" value="local|*.local|169.254/16|*.169.254/16"/>
    <property name="java.runtime.version" value="18.0.1.1+0"/>
    <property name="user.name" value="apple"/>
    <property name="path.separator" value=":"/>
    <property name="os.version" value="10.15.7"/>
    <property name="java.runtime.name" value="OpenJDK Runtime Environment"/>
    <property name="file.encoding" value="UTF-8"/>
    <property name="java.vm.name" value="OpenJDK 64-Bit Server VM"/>
    <property name="java.vendor.version" value="Homebrew"/>
    <property name="localRepository" value="/Users/apple/.m2/repository"/>
    <property name="java.vendor.url.bug" value="https://github.com/Homebrew/homebrew-core/issues"/>
    <property name="java.io.tmpdir" value="/var/folders/k5/8yn_zp8j2f94s8ztfb7cg4qc0000gn/T/"/>
    <property name="java.version" value="18.0.1.1"/>
    <property name="user.dir" value="/Users/apple/Desktop/code/second2project/javaCoreProject/JsonHolder"/>
    <property name="os.arch" value="x86_64"/>
    <property name="java.vm.specification.name" value="Java Virtual Machine Specification"/>
    <property name="native.encoding" value="UTF-8"/>
    <property name="java.library.path" value="/Users/apple/Library/Java/Extensions:/Library/Java/Extensions:/Network/Library/Java/Extensions:/System/Library/Java/Extensions:/usr/lib/java:."/>
    <property name="java.vm.info" value="mixed mode, sharing"/>
    <property name="java.vendor" value="Homebrew"/>
    <property name="java.vm.version" value="18.0.1.1+0"/>
    <property name="sun.io.unicode.encoding" value="UnicodeBig"/>
    <property name="socksNonProxyHosts" value="local|*.local|169.254/16|*.169.254/16"/>
    <property name="java.class.version" value="62.0"/>
  </properties>
  <testcase name="deleteAlbumById" classname="com.lise.testCases.album.Delete" time="11.108"/>
  <testcase name="getAlbumById" classname="com.lise.testCases.album.Get" time="0.982"/>
  <testcase name="getAllAlbumByPostId" classname="com.lise.testCases.album.Get" time="1.902"/>
  <testcase name="getAllAlbumByUserId" classname="com.lise.testCases.album.Get" time="1.701"/>
  <testcase name="getAllAlbums" classname="com.lise.testCases.album.Get" time="1.506"/>
  <testcase name="getAllCommentsByAlbumId" classname="com.lise.testCases.album.Get" time="3.474"/>
  <testcase name="getAllPhotoByAlbumId" classname="com.lise.testCases.album.Get" time="1.729"/>
  <testcase name="getAllPostsByAlbumId" classname="com.lise.testCases.album.Get" time="2.072"/>
  <testcase name="getAllTodosByAlbumId" classname="com.lise.testCases.album.Get" time="1.94"/>
  <testcase name="patchAlbum" classname="com.lise.testCases.album.Patch" time="7.369"/>
  <testcase name="createAlbum" classname="com.lise.testCases.album.Post" time="4.502"/>
  <testcase name="updateAlbum" classname="com.lise.testCases.album.Put" time="5.865"/>
  <testcase name="deleteCommentsById" classname="com.lise.testCases.comments.Delete" time="11.568"/>
  <testcase name="getAlbumByCommentId" classname="com.lise.testCases.comments.Get" time="1.834"/>
  <testcase name="getAllComments" classname="com.lise.testCases.comments.Get" time="1.161"/>
  <testcase name="getAllCommentsByPostId" classname="com.lise.testCases.comments.Get" time="1.272"/>
  <testcase name="getAllPhotoByCommentsId" classname="com.lise.testCases.comments.Get" time="2.879"/>
  <testcase name="getAllTodosByCommentId" classname="com.lise.testCases.comments.Get" time="0.817"/>
  <testcase name="getCommentById" classname="com.lise.testCases.comments.Get" time="0.827"/>
  <testcase name="patchCommentById" classname="com.lise.testCases.comments.Patch" time="9.41"/>
  <testcase name="createComments" classname="com.lise.testCases.comments.Post" time="4.978"/>
  <testcase name="updateCommentById" classname="com.lise.testCases.comments.Put" time="16.935"/>
  <testcase name="deletePhotoById" classname="com.lise.testCases.photos.Delete" time="10.207"/>
  <testcase name="getAllAlbumByPhotoId" classname="com.lise.testCases.photos.Get" time="0.568"/>
  <testcase name="getAllCommentsByPhotoId" classname="com.lise.testCases.photos.Get" time="0.827"/>
  <testcase name="getAllPhotoByAlbumId" classname="com.lise.testCases.photos.Get" time="1.292"/>
  <testcase name="getAllPhotos" classname="com.lise.testCases.photos.Get" time="5.211"/>
  <testcase name="getAllPostByPhotoId" classname="com.lise.testCases.photos.Get" time="5.663"/>
  <testcase name="getAllTodosByPhotoId" classname="com.lise.testCases.photos.Get" time="1.212"/>
  <testcase name="getPhotoById" classname="com.lise.testCases.photos.Get" time="1.333"/>
  <testcase name="patchPhoto" classname="com.lise.testCases.photos.Patch" time="8.497"/>
  <testcase name="createPhoto" classname="com.lise.testCases.photos.Post" time="4.71"/>
  <testcase name="updatePhoto" classname="com.lise.testCases.photos.Put" time="8.366"/>
  <testcase name="deletePostById" classname="com.lise.testCases.posts.Delete" time="4.532"/>
  <testcase name="getAllAlbumByPostId" classname="com.lise.testCases.posts.Get" time="0.707"/>
  <testcase name="getAllCommentByPostsId" classname="com.lise.testCases.posts.Get" time="0.456"/>
  <testcase name="getAllPhotoByPostId" classname="com.lise.testCases.posts.Get" time="2.142"/>
  <testcase name="getAllPostByUserId" classname="com.lise.testCases.posts.Get" time="0.476"/>
  <testcase name="getAllPosts" classname="com.lise.testCases.posts.Get" time="0.45"/>
  <testcase name="getAllTodosByPostId" classname="com.lise.testCases.posts.Get" time="0.459"/>
  <testcase name="getPostById" classname="com.lise.testCases.posts.Get" time="0.416"/>
  <testcase name="patchPostById" classname="com.lise.testCases.posts.Patch" time="3.163"/>
  <testcase name="createPost" classname="com.lise.testCases.posts.Post" time="2.582"/>
  <testcase name="updatePostById" classname="com.lise.testCases.posts.Put" time="5.122"/>
  <testcase name="deleteTodoById" classname="com.lise.testCases.todos.Delete" time="6.142"/>
  <testcase name="getAllAlbumByTodoId" classname="com.lise.testCases.todos.Get" time="1.228"/>
  <testcase name="getAllCommentsByTodoId" classname="com.lise.testCases.todos.Get" time="1.457"/>
  <testcase name="getAllPhotoByTodoId" classname="com.lise.testCases.todos.Get" time="2.873"/>
  <testcase name="getAllPostByTodoId" classname="com.lise.testCases.todos.Get" time="0.485"/>
  <testcase name="getAllTodoByUserId" classname="com.lise.testCases.todos.Get" time="1.123"/>
  <testcase name="getAllTodos" classname="com.lise.testCases.todos.Get" time="0.552"/>
  <testcase name="getTodoById" classname="com.lise.testCases.todos.Get" time="0.532"/>
  <testcase name="patchTodoById" classname="com.lise.testCases.todos.Patch" time="10.111"/>
  <testcase name="createTodo" classname="com.lise.testCases.todos.Post" time="4.357"/>
  <testcase name="updateTodoById" classname="com.lise.testCases.todos.Put" time="16.117"/>
  <testcase name="deleteUserById" classname="com.lise.testCases.users.Delete" time="10.312"/>
  <testcase name="getAllAlbumByUserId" classname="com.lise.testCases.users.Get" time="2.661"/>
  <testcase name="getAllPhotoByUserId" classname="com.lise.testCases.users.Get" time="7.005"/>
  <testcase name="getAllPostByUserId" classname="com.lise.testCases.users.Get" time="2.126"/>
  <testcase name="getAllTodosByUserId" classname="com.lise.testCases.users.Get" time="3.255"/>
  <testcase name="getAllUsers" classname="com.lise.testCases.users.Get" time="1.659"/>
  <testcase name="getUserById" classname="com.lise.testCases.users.Get" time="1.317"/>
  <testcase name="patchUserById" classname="com.lise.testCases.users.Patch" time="9.178"/>
  <testcase name="createUser" classname="com.lise.testCases.users.Post" time="2.083"/>
  <testcase name="updateUserById" classname="com.lise.testCases.users.Put" time="4.084"/>
</testsuite>