<?xml version="1.0" encoding="UTF-8"?>
<!-- Generated by org.testng.reporters.JUnitReportReporter -->
<testsuite hostname="Apples-MacBook-Pro.local" failures="0" tests="1" name="com.lise.testCases.comments.Put" time="16.935" errors="0" timestamp="2023-06-26T22:33:04 IST" skipped="0">
  <testcase classname="com.lise.testCases.comments.Put" name="updateCommentById" time="16.935"/>
</testsuite> <!-- com.lise.testCases.comments.Put -->
