<?xml version="1.0" encoding="UTF-8"?>
<!-- Generated by org.testng.reporters.JUnitReportReporter -->
<testsuite hostname="Apples-MacBook-Pro.local" failures="0" tests="7" name="com.lise.testCases.photos.Get" time="16.105" errors="0" timestamp="2023-06-26T22:33:04 IST" skipped="0">
  <testcase classname="com.lise.testCases.photos.Get" name="getAllTodosByPhotoId" time="1.211"/>
  <testcase classname="com.lise.testCases.photos.Get" name="getAllPostByPhotoId" time="5.662"/>
  <testcase classname="com.lise.testCases.photos.Get" name="getAllPhotoByAlbumId" time="1.292"/>
  <testcase classname="com.lise.testCases.photos.Get" name="getAllAlbumByPhotoId" time="0.568"/>
  <testcase classname="com.lise.testCases.photos.Get" name="getAllCommentsByPhotoId" time="0.828"/>
  <testcase classname="com.lise.testCases.photos.Get" name="getPhotoById" time="1.333"/>
  <testcase classname="com.lise.testCases.photos.Get" name="getAllPhotos" time="5.211"/>
</testsuite> <!-- com.lise.testCases.photos.Get -->
