<?xml version="1.0" encoding="UTF-8"?>
<!-- Generated by org.testng.reporters.JUnitReportReporter -->
<testsuite hostname="Apples-MacBook-Pro.local" failures="0" tests="6" name="com.lise.testCases.users.Get" time="18.025" errors="0" timestamp="2023-06-26T22:33:04 IST" skipped="0">
  <testcase classname="com.lise.testCases.users.Get" name="getAllTodosByUserId" time="3.255"/>
  <testcase classname="com.lise.testCases.users.Get" name="getAllUsers" time="1.660"/>
  <testcase classname="com.lise.testCases.users.Get" name="getUserById" time="1.317"/>
  <testcase classname="com.lise.testCases.users.Get" name="getAllAlbumByUserId" time="2.662"/>
  <testcase classname="com.lise.testCases.users.Get" name="getAllPhotoByUserId" time="7.005"/>
  <testcase classname="com.lise.testCases.users.Get" name="getAllPostByUserId" time="2.126"/>
</testsuite> <!-- com.lise.testCases.users.Get -->
