<?xml version="1.0" encoding="UTF-8"?>
<!-- Generated by org.testng.reporters.JUnitReportReporter -->
<testsuite hostname="Apples-MacBook-Pro.local" failures="0" tests="1" name="com.lise.testCases.album.Delete" time="11.108" errors="0" timestamp="2023-06-26T22:33:04 IST" skipped="0">
  <testcase classname="com.lise.testCases.album.Delete" name="deleteAlbumById" time="11.108"/>
</testsuite> <!-- com.lise.testCases.album.Delete -->
