<?xml version="1.0" encoding="UTF-8"?>
<!-- Generated by org.testng.reporters.JUnitReportReporter -->
<testsuite hostname="Apples-MacBook-Pro.local" failures="0" tests="7" name="com.lise.testCases.posts.Get" time="5.104" errors="0" timestamp="2023-06-26T22:33:04 IST" skipped="0">
  <testcase classname="com.lise.testCases.posts.Get" name="getPostById" time="0.416"/>
  <testcase classname="com.lise.testCases.posts.Get" name="getAllAlbumByPostId" time="0.707"/>
  <testcase classname="com.lise.testCases.posts.Get" name="getAllPhotoByPostId" time="2.142"/>
  <testcase classname="com.lise.testCases.posts.Get" name="getAllCommentByPostsId" time="0.456"/>
  <testcase classname="com.lise.testCases.posts.Get" name="getAllTodosByPostId" time="0.459"/>
  <testcase classname="com.lise.testCases.posts.Get" name="getAllPosts" time="0.449"/>
  <testcase classname="com.lise.testCases.posts.Get" name="getAllPostByUserId" time="0.475"/>
</testsuite> <!-- com.lise.testCases.posts.Get -->
