<?xml version="1.0" encoding="UTF-8"?>
<!-- Generated by org.testng.reporters.JUnitReportReporter -->
<testsuite hostname="Apples-MacBook-Pro.local" failures="0" tests="1" name="com.lise.testCases.todos.Patch" time="10.111" errors="0" timestamp="2023-06-26T22:33:04 IST" skipped="0">
  <testcase classname="com.lise.testCases.todos.Patch" name="patchTodoById" time="10.111"/>
</testsuite> <!-- com.lise.testCases.todos.Patch -->
