<?xml version="1.0" encoding="UTF-8"?>
<!-- Generated by org.testng.reporters.JUnitReportReporter -->
<testsuite hostname="Apples-MacBook-Pro.local" failures="0" tests="7" name="com.lise.testCases.todos.Get" time="8.249" errors="0" timestamp="2023-06-26T22:33:04 IST" skipped="0">
  <testcase classname="com.lise.testCases.todos.Get" name="getAllCommentsByTodoId" time="1.457"/>
  <testcase classname="com.lise.testCases.todos.Get" name="getAllAlbumByTodoId" time="1.227"/>
  <testcase classname="com.lise.testCases.todos.Get" name="getTodoById" time="0.532"/>
  <testcase classname="com.lise.testCases.todos.Get" name="getAllTodoByUserId" time="1.124"/>
  <testcase classname="com.lise.testCases.todos.Get" name="getAllTodos" time="0.552"/>
  <testcase classname="com.lise.testCases.todos.Get" name="getAllPostByTodoId" time="0.485"/>
  <testcase classname="com.lise.testCases.todos.Get" name="getAllPhotoByTodoId" time="2.872"/>
</testsuite> <!-- com.lise.testCases.todos.Get -->
