<?xml version="1.0" encoding="UTF-8"?>
<!-- Generated by org.testng.reporters.JUnitReportReporter -->
<testsuite hostname="Apples-MacBook-Pro.local" failures="0" tests="6" name="com.lise.testCases.comments.Get" time="8.784" errors="0" timestamp="2023-06-26T22:33:04 IST" skipped="0">
  <testcase classname="com.lise.testCases.comments.Get" name="getAllTodosByCommentId" time="0.817"/>
  <testcase classname="com.lise.testCases.comments.Get" name="getAllComments" time="1.161"/>
  <testcase classname="com.lise.testCases.comments.Get" name="getAllPhotoByCommentsId" time="2.877"/>
  <testcase classname="com.lise.testCases.comments.Get" name="getAllCommentsByPostId" time="1.271"/>
  <testcase classname="com.lise.testCases.comments.Get" name="getCommentById" time="0.826"/>
  <testcase classname="com.lise.testCases.comments.Get" name="getAlbumByCommentId" time="1.832"/>
</testsuite> <!-- com.lise.testCases.comments.Get -->
