<?xml version="1.0" encoding="UTF-8"?>
<!-- Generated by org.testng.reporters.JUnitReportReporter -->
<testsuite hostname="Apples-MacBook-Pro.local" failures="0" tests="8" name="com.lise.testCases.album.Get" time="15.309" errors="0" timestamp="2023-06-26T22:33:04 IST" skipped="0">
  <testcase classname="com.lise.testCases.album.Get" name="getAllAlbumByPostId" time="1.900"/>
  <testcase classname="com.lise.testCases.album.Get" name="getAllTodosByAlbumId" time="1.939"/>
  <testcase classname="com.lise.testCases.album.Get" name="getAllPostsByAlbumId" time="2.075"/>
  <testcase classname="com.lise.testCases.album.Get" name="getAllAlbumByUserId" time="1.703"/>
  <testcase classname="com.lise.testCases.album.Get" name="getAllCommentsByAlbumId" time="3.474"/>
  <testcase classname="com.lise.testCases.album.Get" name="getAlbumById" time="0.984"/>
  <testcase classname="com.lise.testCases.album.Get" name="getAllPhotoByAlbumId" time="1.728"/>
  <testcase classname="com.lise.testCases.album.Get" name="getAllAlbums" time="1.506"/>
</testsuite> <!-- com.lise.testCases.album.Get -->
