<?xml version="1.0" encoding="UTF-8"?>
<!-- Generated by org.testng.reporters.JUnitReportReporter -->
<testsuite hostname="Apples-MacBook-Pro.local" failures="0" tests="1" name="com.lise.testCases.comments.Post" time="4.978" errors="0" timestamp="2023-06-26T22:33:04 IST" skipped="0">
  <testcase classname="com.lise.testCases.comments.Post" name="createComments" time="4.978"/>
</testsuite> <!-- com.lise.testCases.comments.Post -->
